<?xml version="1.0" encoding="UTF-8" ?>
<testsuite tests="4" failures="0" name="br.uff.TrianguloTest" time="0.15" errors="0" skipped="0">
  <properties>
[...]
</properties>
  <testcase classname="Testa implementação da classe Triangulo" name="Testa triangulo equilatero" time="0.116"/>
  <testcase classname="Testa implementação da classe Triangulo" name="Testa triangulo isosceles" time="0.01"/>
  <testcase classname="Testa implementação da classe Triangulo" name="Testa triangulo escaleno" time="0.011"/>
  <testcase classname="Testa implementação da classe Triangulo" name="Testa um nao triangulo" time="0.013"/>
</testsuite>